10
0.01036090878583341
1 -0.02241654871772171 -0.0980262998894211 -0.3259587597763416 0.2733242272141913 -0.4591749960786951 0.3310586052235284
1 0.2770692876547153 -0.0501682038978301 -0.283743646432383 -0.246387949594144 -0.05908930025174624 0.04287432830358316
1 -0.798109332010031 -0.1323278641745233 0.09601396208842006 0.06650745616775831 0.05789108024330092 -0.01130456453115042
1 0.01706874911864706 -0.2057847282530268 -0.2670943690725048 -0.09587695120042897 0.5558151512362273 -0.2426684361468101
1 -0.5199192153628277 0.1857609472047135 0.7452247172363525 0.02360635188969291 -0.005568074829792255 -0.06570884812369529
1 0.1183498430800149 -0.6919491612274893 -0.4312156593080501 -0.01993239534888126 0.1067541464255153 0.03809141052851488
1 0.147454869508836 0.1940832327409316 0.08127414187416594 -0.04415364247727264 -0.07588840884085163 -0.07343638321135822
1 -0.6933153490245546 0.3901352848038477 0.03942503162476215 0.04814461581406314 -0.02522827249017162 -0.05739486994336828
1 -0.6701990156303896 0.5645924126248805 -0.2720242197024699 0.02985174473099404 -0.08598992786070232 0.09200011766611585
1 0.2845201197690719 0.2219092251301117 0.8294060338735196 -0.03508345719597285 -0.009521397553084336 -0.05351135976536003
10
0.02080979812337836
1 -0.01794938930887891 -0.1056618542585076 -0.3205283152228646 0.5953670395451951 -1.036290190686925 0.7267129576304779
1 0.2731673119397282 -0.05110699127923308 -0.2830704441269348 -0.5024265496552327 -0.1212697782050021 0.08593347391055987
1 -0.7970632583181927 -0.1314172887487988 0.09583601379874436 0.1337660196812924 0.1164428094764073 -0.02277323077229189
1 0.01541974075137288 -0.1966172500505974 -0.2711304250801922 -0.2314673145326016 1.233728780636237 -0.5478743549432533
1 -0.5195479880804935 0.1856733205624571 0.7441914007028364 0.04746166232241734 -0.01121137809369702 -0.1321097846892864
1 0.1180365353612963 -0.6902700132575175 -0.4306173307527078 -0.04003816573331303 0.2147268149683558 0.07641045424621742
1 0.1467597989560608 0.192887081116096 0.08011634490700838 -0.0889579068808118 -0.1532817063624473 -0.1484040900244749
1 -0.6925581764196038 0.3897396615484988 0.03852073332728291 0.09681315382969991 -0.05043776968030775 -0.1158366760396809
1 -0.6697296256021215 0.5632387404522725 -0.2705754093169105 0.06000555054100432 -0.1732502463470963 0.1854935628806576
1 0.2839684591065929 0.2217594389775243 0.8285646641692092 -0.07052348911764977 -0.01915733570552419 -0.1075523121989254
10
0.03070496616087951
1 -0.009969648572488948 -0.1200999176257806 -0.3106900991789002 1.072005940196909 -2.024625835780737 1.337647182812441
1 0.266937444790125 -0.05261850784069084 -0.2820199462941548 -0.7599447546047131 -0.1853430669139582 0.1262969067997763
1 -0.7954231445992695 -0.1299894945017588 0.09555644121200076 0.1978002878313829 0.1722051781468573 -0.03375880194883323
1 0.01197265931518914 -0.1797275516728616 -0.278765469479689 -0.5165934130705746 2.324097495038753 -1.070671472210728
1 -0.5189662237521666 0.1855357380378436 0.7425720645444293 0.07014189638488127 -0.01660706242451541 -0.195238488722235
1 0.1175461221353519 -0.6876370593284552 -0.4296822938950365 -0.05908457914953985 0.317563273144109 0.1125533778015387
1 0.1456675958898906 0.1910013891784502 0.07828994652735868 -0.1319017891363467 -0.2281799272345948 -0.2210904550066045
1 -0.6913713238217913 0.3891242152612867 0.03709653115588352 0.1431153847070459 -0.07386155752842574 -0.1722396961732973
1 -0.6689942138667233 0.5611115539350756 -0.2682966114180005 0.08865441394575858 -0.2569033872238536 0.2753685189430351
1 0.283104140867644 0.2215244796190853 0.8272466692315801 -0.1041933871048034 -0.02834510922363656 -0.1588670722950933
10
0.04011702224860272
1 -0.0001025982774643064 -0.1366084462005241 -0.3001732048957013 -1.21436822450785 4.593018490203661 -2.318230285386225
1 0.2585477907252182 -0.05467911976294961 -0.2806532425958455 -1.026962098556349 -0.2539903259958625 0.1639820719059115
1 -0.7932731022896974 -0.1281174588114518 0.09518890028461205 0.2591491754452754 0.2256716363708591 -0.04437072583078285
1 0.008274183437178425 -0.1599073165065515 -0.2863620550218344 1.97386450168678 -4.186997855067119 2.672401062232976
1 -0.5182040692225796 0.1853550168544918 0.7404506333718682 0.09183275879955652 -0.02180771044827119 -0.2556125893451368
1 0.1169047485895156 -0.6841846841366965 -0.4284615466318214 -0.07720071637572147 0.4162117603037034 0.1468626816514407
1 0.1442312506614668 0.1885102335999261 0.07587495330978397 -0.1734394064641125 -0.3015613068356399 -0.2924982477992821
1 -0.6898159567883119 0.3883266400250351 0.03521729354545901 0.1874443434051503 -0.09548773394910937 -0.22737500054409
1 -0.668031039381666 0.5583137371877556 -0.2652955101575183 0.1160429197025775 -0.3378873987992073 0.3626980151831555
1 0.2819722009320996 0.2212162428131565 0.8255210111964691 -0.1363632531353078 -0.03716955578302106 -0.2078569820680538
10
0.05073737916957339
1 -0.005001773988127903 -0.1078079206014339 -0.3126556292473089 -0.07298509494228729 1.850648598004837 -0.6334801417120741
1 0.245930469526455 -0.05782846913153058 -0.2786883863887327 -1.353376259392321 -0.3407344822007227 0.2059717535538553
1 -0.7901508391480641 -0.1253974192434948 0.09465317774640575 0.3289299459795575 0.2867012895549138 -0.05655449274581207
1 0.02257113511083059 -0.1837100165218783 -0.2695815153894419 1.087425432589777 -1.313644223520344 1.08920757772821
1 -0.5170980865296786 0.1850918293503342 0.7373721448445771 0.1164752295540413 -0.02777395941502278 -0.3242133072358245
1 0.1159766687027288 -0.6791661661958682 -0.4266927040524184 -0.09754577614475782 0.5292328446848008 0.1864939320804989
1 0.1421363855944691 0.1848569544819796 0.07232761308085658 -0.2212387871461304 -0.3868516078189995 -0.3760974844664756
1 -0.6875576808195968 0.3871879445109511 0.03246144784545386 0.2379205126864289 -0.1186951287419353 -0.2921238170072724
1 -0.6666331781107326 0.5542300950616005 -0.2609078163116186 0.1472702950707853 -0.4316147111686365 0.4641764807826894
1 0.280330308047476 0.2207680133515318 0.8230189002776976 -0.1728754982550948 -0.04726861937889731 -0.2633805009778808
10
0.0602067808495197
1 -0.003744722414374463 -0.09373487986982909 -0.3162818948138198 0.3202876599989307 1.18072465122293 -0.1652526658452264
1 0.2316312233740024 -0.06146224190952061 -0.2765630769664726 -1.672343359086343 -0.4289488000593405 0.2427188802024736
1 -0.7867391793797659 -0.1224217550099877 0.09406530282605337 0.3917416044045218 0.3419184491249049 -0.0676514202708724
1 0.03209995724754056 -0.1920990050950389 -0.2611986421731815 0.9488626947561398 -0.5147489800415248 0.7148377135404739
1 -0.5158903957625451 0.1848032212851969 0.7340103812237095 0.1386289146055774 -0.03320081731555427 -0.3859059157171226
1 0.1149676966928091 -0.6736694177123066 -0.4247540742053982 -0.1155281951076832 0.6320727313787682 0.2231760355356635
1 0.1398354347630594 0.1808235394990043 0.06840028172733771 -0.2649387175315152 -0.4655183665148622 -0.4539907516263936
1 -0.6850895842603895 0.3859718310758952 0.02940995724809659 0.2834497602545066 -0.1378797964152508 -0.3529249555531191
1 -0.6651052440010482 0.5497364080184105 -0.256070427557691 0.1755057166932406 -0.5179852936802034 0.5581418206284814
1 0.2785382221264712 0.2202771447803673 0.8202894250968354 -0.2056660789873771 -0.05643377769987411 -0.3131487408944442
10
0.07118338174974601
1 0.001971600210785859 -0.08382076774548748 -0.3157703086722126 0.7219965781606041 0.6452547922662226 0.2495389384414903
1 0.2110021787133656 -0.06682814657963607 -0.2736755381793947 -2.099957358040751 -0.5541928384536482 0.282664959986615
1 -0.7820355788497705 -0.1183122439469046 0.09325047613868732 0.4654654108221746 0.4070850369115125 -0.08089235243000459
1 0.04217567145367975 -0.1937751457844216 -0.255050372053386 0.8997419810591797 0.1957907342660353 0.4160467586176642
1 -0.5142266078941535 0.1844035673030689 0.7293785457982824 0.1645751654612353 -0.03964966460791731 -0.4581942439249848
1 0.1135861662033958 -0.6660642615851494 -0.4220635636376424 -0.1361542021484702 0.754192495801994 0.2673451054935304
1 0.13664142626362 0.1751943295552174 0.06289818136037607 -0.3174073783194892 -0.5610653001580671 -0.5496125011899848
1 -0.6816852217017557 0.3843470003513776 0.02512817949223829 0.3369966692837305 -0.1576637652146334 -0.4282232419987428
1 -0.6629968080826798 0.5434821329671103 -0.249322162503044 0.2087627620473046 -0.6224666158431301 0.6725515320911347
1 0.2760705820692718 0.2195983805270164 0.8165337946615645 -0.2440196283255195 -0.06728487496837543 -0.3712249550868036
10
0.08139232346557719
1 0.01141204430070778 -0.07955373013338479 -0.3113140269462368 1.142614605808939 0.1874888546085196 0.6289092793940965
1 0.1871149921757756 -0.07325065194750503 -0.2706273727830363 -2.603717612730374 -0.7139487078126452 0.3126264586098302
1 -0.7769290023760391 -0.113841336454478 0.09235977566212794 0.5351468817139075 0.469029053348909 -0.09369088314886723
1 0.05138276490998042 -0.1884388549873044 -0.2521082366973891 0.9128249965996547 0.8635084395175868 0.1579328701817585
1 -0.5124219899312178 0.183967390089213 0.7243538610690666 0.1890156456558329 -0.04583313936448767 -0.5263350785202334
1 0.1120991717547457 -0.6577712002312693 -0.4191178277296138 -0.1551260279702451 0.8710389294405613 0.3099920347370406
1 0.1331419163595836 0.1689889022269995 0.05680513326359637 -0.3686248119184395 -0.6557006225682038 -0.645293944565862
1 -0.6779868339554247 0.3826570037713339 0.02037343933257356 0.3877015983871718 -0.1727985370574392 -0.504402182656189
1 -0.6607052964645389 0.5366084408037429 -0.2418838801203874 0.2402535177330159 -0.725152493343185 0.7859519187170305
1 0.2733956416121869 0.2188588819248434 0.812466367354767 -0.2800887932794632 -0.07763177676962306 -0.4256904727486907
10
0.09077486016864195
1 0.02444901950726307 -0.07999926529082201 -0.3035407730497967 1.673595089333002 -0.3050830681641311 1.048084719106049
1 0.1597975508188687 -0.08093891281119456 -0.2676284618567955 -3.268674635901667 -0.9460501067607265 0.3215722048773312
1 -0.7716030273987355 -0.1091684131466403 0.09142348198742657 0.6003526106489587 0.5272886405171668 -0.1059875162265841
1 0.06021728562234273 -0.1769079552850246 -0.2518853815062326 0.982549948476989 1.639130634030281 -0.1241089887924012
1 -0.510541971875171 0.1835099678282663 0.7191181520387836 0.2117853504527136 -0.05170450887298326 -0.5898772771675168
1 0.1105624824043685 -0.6490824359919803 -0.4160203482186364 -0.1724212206776672 0.9816177663942925 0.3504746618142103
1 0.1294517900436222 0.1624034276321933 0.05030963095889093 -0.418479276654181 -0.7492822294188165 -0.7406278227368855
1 -0.6741270377391656 0.380985242491045 0.01528574876975384 0.4352190118925823 -0.182827689926548 -0.5813803111183532
1 -0.658313325390084 0.529338263395835 -0.2339905424605031 0.2697082938818766 -0.8257015490799177 0.8980493160842387
1 0.2706106423924505 0.2180849262405135 0.8082357257425767 -0.3136351714526073 -0.08738788871862481 -0.4761989858401738
10
0.1002345806494844
1 0.04440904672156926 -0.08625931392290885 -0.2907384632329617 2.705280047078377 -1.121531933118361 1.748678753146982
1 0.1236380377578485 -0.09190331497041795 -0.2647912598428575 -4.579256749120037 -1.463885515648822 0.2494681985004486
1 -0.7656076668238042 -0.1038968259323291 0.09035969771899009 0.667449389452936 0.5875087296380823 -0.1190442963126736
1 0.0703183290491525 -0.1557452138685421 -0.2550114449672344 1.197311262578153 3.031343532915864 -0.5963936187870668
1 -0.5084286363102524 0.182992028762203 0.7132310467369858 0.2350818387845536 -0.05783810481458405 -0.6549758487054441
1 0.1088491489085865 -0.6392557028972186 -0.4125071235666111 -0.1898242074998264 1.096590637399387 0.3925024250550283
1 0.1252418757909912 0.1548369100024515 0.04281412484715312 -0.4722447546062545 -0.8520461385315249 -0.8457673443873563
1 -0.6697793460738397 0.3792280110739333 0.009384425002498807 0.4841694386830964 -0.1876431622497186 -0.6680447182560811
1 -0.6556194338002079 0.5210175709951792 -0.2249219699540715 0.2999316395026484 -0.9350068909395819 1.021201547038467
1 0.2674820531657154 0.2172106958198408 0.803488199663575 -0.3478979048536476 -0.09749115465074742 -0.5276250972923893
10
0.1100163128745304
1 0.09297338711400101 -0.115511680592354 -0.2732629507453034 3.101117144796399 -0.05923575256363896 -2.59387645226373
1 0.08323777809031825 -0.1098066060798105 -0.2556442661617641 5.207898779453195 -1.294039045304872 6.837341178065526
1 -0.758732740316338 -0.09783831858542173 0.08912567880474265 0.7385321215851425 0.6515460542322143 -0.1334428370231805
1 0.05521536358939727 -0.1038976207769677 -0.2670857931101842 -9.050973850512289 1.868433029732354 -2.668555759303958
1 -0.506009720703836 0.1823942019464992 0.7064900114211932 0.2595637160469105 -0.06444300367348915 -0.7235395875633486
1 0.1069036002333893 -0.6279315249380089 -0.4084499676434156 -0.2080445094304808 1.21945761804042 0.4372742751281028
1 0.1203331852393415 0.1459378025297972 0.03396298382074667 -0.5320614106008001 -0.9695287556764784 -0.9660457112461838
1 -0.6647906823430555 0.3773996270868953 0.002360066223471704 0.5360552307148857 -0.1845461789670698 -0.7707984825317069
1 -0.652530405184741 0.5112742389211988 -0.2142531843071646 0.3317572059706222 -1.059397927269726 1.163034367394266
1 0.2639036426672816 0.2162047255503622 0.7980646541031434 -0.3838444280236049 -0.1082460385497327 -0.5813909906558781
10
0.1200075142220344
1 0.1182306624190345 -0.1170274914669766 -0.2421550280773906 11.53787015320896 -5.47008580692972 -0.9324162979370789
1 0.1162736566493423 -0.1158092626826126 -0.248714959779499 -6.742974066575587 4.962256827481897 4.546888447132057
1 -0.7509826492571974 -0.09099324274442294 0.08771341933537345 0.8132219568155316 0.7190557221390994 -0.1495465060060721
1 -0.01083180846618857 -0.09083444888884722 -0.2884561214232399 -5.606183255466988 1.104426313396383 -1.851364332009016
1 -0.5032898479791955 0.1817153957860959 0.6989051960700341 0.2849471789223963 -0.07148741978244164 -0.7950090885340586
1 0.1047305196519065 -0.6151057338547131 -0.403844880630487 -0.2269616293761778 1.348434432895602 0.4849499448635273
1 0.1147045339334573 0.1356035964089681 0.02364971851842014 -0.5943129345454317 -1.100908888146506 -1.100079427978659
1 -0.6591639094206562 0.3756223446706418 -0.005945102262475456 0.5905613936408446 -0.1685438063169284 -0.8958078131851016
1 -0.6490506735112153 0.4999867923205689 -0.2018239277060148 0.3649226147599159 -1.20356442541671 1.329317883462788
1 0.25988292436647 0.2150668955134877 0.7919789183607442 -0.4210914113834885 -0.1195829493206905 -0.6369328098084751
10
0.13005663185369
1 0.1322688909382465 -0.1142754022658252 -0.2339879837796101 2.177973364241851 -0.2990239245488937 6.472787466925808
1 0.1465441533457758 -0.1226201909607267 -0.2211417682149372 1.937563501204043 -0.01747623986495517 -2.942193423285924
1 -0.7424232046772469 -0.08341596766410668 0.08612103453673751 0.8907133987542097 0.7894359659629107 -0.1677584044539427
1 -0.06368134138532769 -0.08031141916138552 -0.3054827145758493 -5.006327729632248 1.009238485759857 -1.567483397047476
1 -0.5002966308309127 0.1809601165578263 0.6905482819825436 0.3108285529788851 -0.07888327499655776 -0.868481806135596
1 0.1023547907244652 -0.6008926865876391 -0.3987205377249581 -0.2457945346826056 1.480615017622731 0.5353417094291791
1 0.1084352241793335 0.1238232240286103 0.01187514128030233 -0.6520452850404481 -1.246140446757019 -1.24494671594391
1 -0.6529466302381421 0.3740937841418859 -0.01570477617115027 0.647121418343761 -0.131054590259913 -1.053240815927138
1 -0.6452127906253193 0.4870571878561485 -0.1874942383833023 0.3990336397307409 -1.375311888274986 1.529455289967336
1 0.2554609469548845 0.2138061991174013 0.7852947934556882 -0.4590663258982125 -0.1313991046431908 -0.6934799035284246
10
0.140056363455213
1 0.1538502104979955 -0.1165284779796563 -0.2234948135186084 0.2743125031843315 0.788975130349883 3.940675044717712
1 0.1641311695500325 -0.122792572030945 -0.1962355809030037 3.467592928495359 -0.9588994180857773 -0.3796413674295946
1 -0.7331200231647261 -0.07516000854238168 0.08434228926573968 0.9704226248303656 0.8623032800270108 -0.1884867524810397
1 -0.1122218518291301 -0.07040038759312252 -0.3202087906553412 -4.729313189750397 0.9782949476995644 -1.387530656585848
1 -0.4970582108641339 0.1801331648356131 0.6814909503694773 0.3369320482379873 -0.08656714193957937 -0.9433373979483709
1 0.09980589580655408 -0.5854214262484154 -0.3931050153292362 -0.2638488200615522 1.613969254161771 0.5882704852590821
1 0.1016725848566583 0.1105693324544115 -0.001337548200136351 -0.6978511045383239 -1.408128206211987 -1.399230082588097
1 -0.6461864008254526 0.3731192515895944 -0.02722888321883205 0.7052661532312571 -0.05507557194271812 -1.2634166823331
1 -0.6410492905763624 0.4722744506985809 -0.1709910481950722 0.4338573947774987 -1.591242265742534 1.783219297318427
1 0.2506793249343218 0.2124315178785101 0.7780756727904763 -0.4973705384065602 -0.1436300083156566 -0.75052188792926
10
0.1501368757905359
1 0.1758270093035995 -0.1191755381307902 -0.2077153906013911 -0.321498376991709 1.147547196369409 1.963619761377234
1 0.17836125548098 -0.1211020651106008 -0.1757411967246494 3.769484629297816 -1.164465342737975 1.67816226564652
1 -0.7229207836619491 -0.0660837718990938 0.08232321759357586 1.053628553919548 0.9390299906707181 -0.2127252372606269
1 -0.1589858785003431 -0.06059860503058546 -0.3334547539948917 -4.56095794827639 0.9687995088189013 -1.244664429237494
1 -0.4935276508347742 0.1792200604187409 0.671593196056536 0.3636011686327111 -0.09465356335756978 -1.020747248362208
1 0.09705918312037207 -0.5684683110444849 -0.3868924725740951 -0.2808647925201195 1.749783025386853 0.6448834160225947
1 0.09448931349052279 0.09545826299528992 -0.01626746659893269 -0.7227436385476914 -1.594544169323499 -1.564336009104853
1 -0.6387749217298294 0.3732681531277457 -0.04144313488609101 0.7652797783754389 0.1058143951429913 -1.582789216427256
1 -0.6364928431187867 0.4547873905893504 -0.1513112839382959 0.470588572614507 -1.900810110991903 2.147513235221103
1 0.2454687248359643 0.2109192691466168 0.7702165180736966 -0.5365179465041403 -0.1565009299779524 -0.8089165378751029
10
0.1600893087402446
1 0.1967337974826953 -0.1213824034598844 -0.1872473860118794 -0.2948053925784135 1.171519388773053 -0.2623451580027662
1 0.1903885670621907 -0.1182241059081499 -0.1594522663403068 3.463061932723292 -1.014829735708545 4.01021870843873
1 -0.7120134698853844 -0.05634609191526534 0.08007032708054562 1.138770285407358 1.018468733108833 -0.2407572709942274
1 -0.2037803321900993 -0.05095581767497388 -0.345216839183163 -4.447089229984536 0.9704046292171951 -1.120822496677147
1 -0.4897764574615758 0.1782368791174349 0.6610451960866576 0.3902811236250727 -0.1029791763212774 -1.099311220183992
1 0.09418664188456385 -0.5503820070927469 -0.3801811237806579 -0.2960840776553249 1.884941293318074 0.7044653317882756
1 0.08730959410602034 0.0785578843157923 -0.03267545495178506 -0.7129879808412043 -1.807110745214449 -1.733720750551323
1 -0.6308755347341576 0.3760005662505995 -0.05979603099291301 0.8195325297168196 0.5219040122174736 -2.190152468276886
1 -0.631603895899752 0.4334239411360671 -0.1271139862956115 0.5150309160873303 -2.472510070456129 2.800006554739498
1 0.2399344980212543 0.209296000293315 0.761874796794573 -0.5757101065004285 -0.1698083289342552 -0.8675812302802419
10
0.1700025310282069
1 0.214451551045586 -0.1217868123553498 -0.160200528435106 1.445771835400405 0.2553242053321382 -3.6271825978652
1 0.2025864941744294 -0.1152832342650107 -0.1487764600165364 1.413576962080599 0.1052566268038061 7.490313699458845
1 -0.7002916194396589 -0.04584033285527054 0.0775253706842873 1.226636086060179 1.101862500938885 -0.2735621688477571
1 -0.2474311300632433 -0.04129667461677081 -0.3557506556704808 -4.36332294311003 0.9794326450119814 -1.005100704252502
1 -0.4857743966173399 0.1771735399613429 0.6497498846314372 0.4171883039464654 -0.1116029879110135 -1.179954116430001
1 0.09118394703517427 -0.5310248744464241 -0.3728866295725489 -0.3093816633033445 2.020540945263456 0.7679700538062816
1 0.0804960684681459 0.05946131715061539 -0.05069414453623033 -0.6512356785451805 -2.051185212181714 -1.9005693769194
1 -0.624484148737545 0.3955457754905934 -0.09095864517440705 -6.534935090598471 13.97018791601358 13.26000045557309
1 -0.6242649276847989 0.3937319148240138 -0.08968086254444758 7.971007073391099 -16.08608866393325 -12.60473959831988
1 0.2340315702050049 0.207544226174449 0.7529799030394912 -0.61530488532175 -0.1837279753378919 -0.9271756462035683
10
0.1800085502613038
1 0.2175213668031735 -0.1137012663808616 -0.1335726959510808 6.39189657657226 -2.675717460535767 7.917332178544401
1 0.2263142090838768 -0.1185935710365994 -0.1362064515303386 -3.907915471512296 3.274075253322633 -3.949469965616505
1 -0.687560464865221 -0.03436903227533077 0.07460090058487744 1.318652625362498 1.192360085424748 -0.3117997443620985
1 -0.2907507172532485 -0.03142476952762028 -0.365235202293883 -4.297954258991949 0.9947332082151227 -0.8907714478933679
1 -0.4814631670835403 0.1760119992500309 0.637523869484427 0.4445521947324895 -0.1206121523802904 -1.264347879961095
1 0.08802972355177566 -0.5101177491322518 -0.3648618993567178 -0.3207497125823713 2.1585958168538 0.8368837086131502
1 0.07459580286482133 0.0375686385945101 -0.07048283690362706 -0.5137503991977648 -2.329031449126758 -2.049918262721943
1 -0.6243914129248493 0.3747672043745719 -0.0438096429513922 0.446960062505357 -2.193389606711721 3.027820760618932
1 -0.6094642820616974 0.3924509786006218 -0.1300448255659975 1.094188360288893 -0.1024732619990619 -2.327037286466388
1 0.2276723502706642 0.2056324125951172 0.7433960168891903 -0.6558799771771447 -0.1985404330627266 -0.9886920607551722
10
0.1901340690731809
1 0.2264625889609618 -0.1084837651337876 -0.1237937665893273 0.3371374192717287 0.748037227728333 5.896576952489382
1 0.2402241626473877 -0.1164439132001225 -0.1054437404803704 1.676517943647389 0.1090221001782436 -1.867044226411497
1 -0.6737216551227414 -0.02179232446628095 0.07122609317357548 1.41540827631018 1.293718209349076 -0.3557171839464777
1 -0.3339928243877404 -0.021249387835667 -0.3736662635205823 -4.245092321684042 1.016112149300961 -0.7741387061371707
1 -0.476821385739887 0.1747433578609424 0.6242736247829954 0.4723021362787436 -0.1300203218313119 -1.353531147507122
1 0.08473264384552855 -0.4875458771152852 -0.3560111132000878 -0.3301669127186504 2.300248751666485 0.9123511739393967
1 0.07050496046493598 0.01247622933327126 -0.09181040228003212 -0.2774805764498033 -2.627364756210345 -2.151562218998532
1 -0.6188547658095792 0.3530698387561647 -0.01752843103438693 0.6257000727085942 -2.112375368717014 2.275540904472317
1 -0.5988508181420807 0.389908153951095 -0.1490018188553506 1.023292150123591 -0.3829653891714278 -1.529891783921997
1 0.2208205016689687 0.2035425329118577 0.7330630504090235 -0.6976181874877562 -0.2144126022930219 -1.052583763978397
10
0.2001221165472553
1 0.2381241564163524 -0.1051736003818886 -0.1093682446960434 -1.084210104214454 1.539527432676878 3.518124316577194
1 0.2459579504226732 -0.1099659539231425 -0.07964880827569953 2.540947567383497 -0.4439780927588215 0.489285462050171
1 -0.6590930994307206 -0.008317534582188438 0.06743330934144329 1.514365052335249 1.407066762398684 -0.4047267694008043
1 -0.3761717526490565 -0.01096992624594895 -0.3808093270377815 -4.202009458524616 1.043299178134288 -0.6553627290209264
1 -0.4719671707268246 0.1733971380414583 0.6102974491605672 0.4997096185574256 -0.1395959847922348 -1.445813357776224
1 0.08139655380130237 -0.463859325024247 -0.3464989118143009 -0.3375390850662424 2.44354243681415 0.9935871622659278
1 0.06931502794495192 -0.01518817407530941 -0.1134567669343299 0.05259748184879477 -2.904964850157667 -2.165733698674211
1 -0.6120314252959022 0.3320054507642764 0.003183716506921497 0.7351995216294567 -2.11519561982163 1.902836196209228
1 -0.5886709099567078 0.3849779691618001 -0.1620523401177368 1.020446787293833 -0.5986628404950149 -1.114653957253987
1 0.2136440778596845 0.2013188013273774 0.7222271562724157 -0.73950738124297 -0.2310384219986605 -1.117542624976466
10
0.2101343788447228
1 0.2481625695127368 -0.1015883511203843 -0.09059540809744927 -1.644485428698509 1.79470669509108 1.387723226613903
1 0.2474344050599987 -0.101634972129509 -0.05886363206499366 2.484082793995226 -0.5249754857941629 2.487147600987475
1 -0.6434207532566703 0.006415120091408536 0.06311020763533783 1.616764094436594 1.539645979819616 -0.4598190478278955
1 -0.418052185653132 -0.0003597366755685576 -0.386750021068918 -4.164488032563806 1.077347341634993 -0.5300865012589004
1 -0.4668262486207239 0.1719501579908884 0.5953381066657271 0.5272270478509482 -0.1494978024015205 -1.543282781633836
1 0.07798754891147006 -0.4386487109956385 -0.3361082832860228 -0.3430792547870399 2.59390835753888 1.083642025383035
1 0.07178558015418171 -0.04542727070288917 -0.13475340531099 0.4450724579357645 -3.121264278918675 -2.068894019679297
1 -0.6042204576166319 0.3106012332107746 0.02093183440839901 0.8225400151296911 -2.167809105084251 1.656274072260636
1 -0.5783735603380783 0.3779996401221922 -0.1717047586320249 1.03864612058349 -0.7932863351440983 -0.827732006120102
1 0.2060265102326015 0.1989177352709124 0.7107025921563896 -0.7822798138823766 -0.2487753667418903 -1.184972568725116
10
0.220120628393298
1 0.2550167895242253 -0.09739270360050975 -0.06807850182644258 -1.494007733422889 1.611414086518115 -1.154095730440716
1 0.2458835975163444 -0.09269559063296386 -0.04378376009370399 1.723984403464767 -0.2684234833227038 4.793451599768382
1 -0.626753879791244 0.02256292822428412 0.05822100481975557 1.721608599274276 1.700171503509329 -0.5201192913624078
1 -0.4594628588706388 0.01060001109438721 -0.3913852923936175 -4.129027427272544 1.118962258915749 -0.396654456543645
1 -0.4614238905490241 0.1704066077191822 0.5794174907570229 0.5547489892255336 -0.1596928701451042 -1.646264353439382
1 0.07454317657276449 -0.4119479878314377 -0.3247910136534589 -0.3462348595683407 2.756303230880913 1.185310926091498
1 0.07819850217447212 -0.07729471155828926 -0.1545041863503915 0.8318529380705407 -3.245204498028664 -1.872246491171704
1 -0.595623933304204 0.288506978383483 0.03651258205723281 0.897488198379751 -2.264905213302719 1.471383569419166
1 -0.5678719675449069 0.3691391206351385 -0.1788231720000248 1.065404158046093 -0.9809799048037531 -0.6057848046883941
1 0.197997872657964 0.1963401926289118 0.6985220810890822 -0.8258172661972193 -0.2676451102211924 -1.254980967632897
10
0.2300163967929909
1 0.2555851629762711 -0.09136000573305848 -0.03995278416075373 2.337162151318193 -0.597256461098252 -5.153420317156439
1 0.2448537177451189 -0.08549929134207378 -0.03732171402698358 -2.646458899625859 1.91310144222428 8.497401593821223
1 -0.6091942508695722 0.04034907687025287 0.05276651098042016 1.827610504549781 1.904052932676179 -0.5821499468308172
1 -0.5001401626137002 0.02191058401564873 -0.3946149249572093 -4.091243200845617 1.168347101597472 -0.2542835739536546
1 -0.4557988042431181 0.1687748863004937 0.5625944172181268 0.5821388390308696 -0.1701535765944209 -1.754994503128221
1 0.07111856207083661 -0.3837895772668389 -0.3124938862930088 -0.344812586835879 2.939604665551644 1.303713283258029
1 0.08806841588132581 -0.1096678031647928 -0.1718327677391272 1.14814525479891 -3.287106445220374 -1.625396023649918
1 -0.5864117708364679 0.2654057732884359 0.05030428017006976 0.9630382178719018 -2.414472360854488 1.31940752980893
1 -0.5571857340717773 0.3585073353467071 -0.1838886897585583 1.094373576166153 -1.168494568564949 -0.4227211594973653
1 0.1896082723468366 0.1935938667474124 0.6857467909724766 -0.86995385642849 -0.2876227297171195 -1.327556882671863
10
0.2400332236364242
1 0.2409372946829664 -0.0784529604086385 -0.0252263689268845 1.35757168443028 -0.443627605567611 7.303249313096615
1 0.2540518083297459 -0.0856804797248741 -0.0201297968794232 -2.12139826712684 1.658949869831243 -4.27400497055138
1 -0.5903437923349557 0.06076939695252894 0.04664706259563197 1.936261781593647 2.191580243904712 -0.6364323566505806
1 -0.5408975370315265 0.03389801991807169 -0.3963940932921752 -4.044611213768828 1.226374463868908 -0.09911907599164002
1 -0.4498281165483279 0.1670155593116948 0.5444307887714213 0.6100180231256721 -0.1812137032390883 -1.873096830221641
1 0.06771642628423667 -0.3532497930642045 -0.2987161262521894 -0.3312129502994584 3.167840841731541 1.45398194795315
1 0.1007497126137528 -0.1426394515358988 -0.1868714584931895 1.365546965716569 -3.295541158580495 -1.383230836667994
1 -0.576464428449481 0.240132174262947 0.06279676372950316 1.021968963019263 -2.650348822263818 1.173742129584611
1 -0.546083465927849 0.3458267450734971 -0.1872949379103583 1.121658333657761 -1.364743732996351 -0.2602878931407661
1 0.180665506767192 0.1906056342770623 0.6720653990631147 -0.9158033203481046 -0.309270396689068 -1.404801427410473
10
0.2500616622684113
1 0.2365540836597121 -0.07278141391603105 -0.01993941635413315 -1.880113520126176 1.190843280218496 4.338950809578292
1 0.2488584099680011 -0.07984133597640701 0.003442420952362898 0.7460484986063992 -0.1150227288810515 -1.60837059357505
1 -0.5703858291409817 0.08484068165178216 0.04017067749214986 2.042751978974134 2.651390785043437 -0.6378058657180603
1 -0.5811657929007252 0.0465159428664904 -0.396565904411483 -3.983251739205007 1.290884159688262 0.0663283754566633
1 -0.4435699108866921 0.1651398874646826 0.5250139777624754 0.638102757821826 -0.1930104505631891 -2.001011059970303
1 0.06460823277191381 -0.3200007610190486 -0.2831470636979115 -0.2765416914009801 3.483881076290239 1.665747662506017
1 0.1150203339554071 -0.1758768267319462 -0.1997944532671168 1.455936117254828 -3.348675883254216 -1.212091512573696
1 -0.5659395529850699 0.2117231388102951 0.07370066041367307 1.077332682849031 -3.057088361312512 0.9846400256295954
1 -0.5347221592918809 0.331116606162529 -0.1891452280415615 1.142813246276539 -1.570669362401924 -0.1098531853058119
1 0.1712455932360698 0.1873889257498393 0.657571561556995 -0.9630783310506291 -0.3325325148275691 -1.486534656027751
10
0.2600604122635302
1 0.2338393623150103 -0.06973032623846923 -0.01090559173827265 -2.761452360259163 1.540561291322013 1.987785558298346
1 0.2386590779034473 -0.0728889090520311 0.02034405121898287 1.320137552478205 -0.6158973332157922 0.4747194960512285
1 -0.5495540808117024 0.1153171395875836 0.03483714925402216 2.104458213929641 3.568707916704545 -0.3044881234944843
1 -0.6206060242516122 0.05975834835147989 -0.3950483672731783 -3.902147410635491 1.357983852489406 0.2378786165146367
1 -0.4370488890753789 0.1631462975839024 0.5043217800999994 0.6663113915190387 -0.2060417759499826 -2.140005896574709
1 0.06273567812565393 -0.2828685594877147 -0.2648761885360361 -0.03722216110445303 3.986032738570281 2.028125611359924
1 0.1291227734979738 -0.2102699171041174 -0.2117167634686357 1.295507858631025 -3.572049112920279 -1.216223641583269
1 -0.5547899280693444 0.1774784041103417 0.08157126065191198 1.171744906057356 -3.915334599504972 0.4651315983595889
1 -0.5232284552850816 0.3143415344314084 -0.1895001167319835 1.15444917823218 -1.7864715421344 0.0401417158607452
1 0.1613738940367887 0.1839408328798022 0.64228001892864 -1.011787168848377 -0.3574914353608447 -1.573064934792108
10
0.2701231267799257
1 0.2302572476590899 -0.06778848643591162 0.001429304345435959 -2.925688779739894 1.5143887433742 -0.2150692652688228
1 0.2263418851325741 -0.06627664728555864 0.03155724769517235 1.210268410754484 -0.7368358248862952 2.436913095008286
1 -0.5304577630778973 0.1575619363916285 0.0437888491639379 1.391357094680281 4.031997483336586 2.986076262890286
1 -0.6593676115879656 0.07375417866480576 -0.3917811646851362 -3.798212390936357 1.422681834202486 0.4108915603618073
1 -0.4301990145422657 0.1609976328840821 0.482029351055377 0.6953491458945047 -0.2214885093424766 -2.29288249152428
1 0.06689190641023364 -0.2396434361160288 -0.2413665676863269 1.112331787148577 4.495479696693694 2.666085300506108
1 0.1378412421610175 -0.2479105380817208 -0.2253420574520551 0.1836177046964975 -3.800672788261116 -1.516438798639526
1 -0.5401453473461238 0.1320834868190516 0.07327207394617147 2.038045920483809 -4.310474348906859 -3.01918667230334
1 -0.511597673809954 0.2952379021513654 -0.1882682140643 1.155527528816157 -2.010462116571142 0.2096238925457333
1 0.1509385373870458 0.1802088160704723 0.625988410087172 -1.062596421798099 -0.3846141696391011 -1.666012883576342
10
0.2800487528937254
1 0.2248884606023366 -0.0663744810890886 0.01779261436148987 -2.043865128193096 0.9615968414442311 -3.193302957551641
1 0.2133762597942847 -0.06064582423377454 0.03612424835786664 0.0638851285949352 -0.3177124914729589 5.187539092454956
1 -0.5196262102575328 0.1790616292052806 0.07907952382601412 1.051124345749775 0.964020513310894 3.335291410655792
1 -0.6964758187768889 0.08815232356690811 -0.3868807949450848 -3.676087331244908 1.476217080532854 0.5750788837325241
1 -0.4231471575803946 0.1587161143011091 0.4584688754187815 0.7258726463572183 -0.2381862644176024 -2.457034943649713
1 0.08543727862532144 -0.1979550007795243 -0.2137039226112637 2.369783033657585 3.808301863476797 2.797436510391977
1 0.1322707877641781 -0.2813535604875438 -0.2399688735672714 -1.052146228245944 -2.842744343431145 -1.318012288254662
1 -0.5161976653379803 0.1081480110395006 0.03667028157306029 2.527252577548879 -1.176979520256151 -3.565654573996864
1 -0.500157539505738 0.2742260899906553 -0.1852443899346974 1.14882259591815 -2.220977236284191 0.4031047194371714
1 0.1401350130581685 0.1762495435486635 0.6089696699265529 -1.114641640142629 -0.4135364429027518 -1.764445853219621
10
0.290001018306609
1 0.209745410024171 -0.06130078370603125 0.03963147557884922 7.938146515435984 -4.440459506291786 -1.980097716369194
1 0.2074427906074749 -0.05995694357598909 0.032891955296619 -10.19602410059868 4.954688804948929 3.716429906374332
1 -0.5083960530899605 0.1846576656224218 0.1087087591644958 1.20719845794914 0.2997269611680818 2.680906159689788
1 -0.7323862007233184 0.1030474603134224 -0.3803823472705433 -3.538403252031305 1.514300270908932 0.7285591878470126
1 -0.4157682740509825 0.1562668207802501 0.4331218253586255 0.7567800947859136 -0.2536744560538606 -2.640510751168071
1 0.1104258732474514 -0.1626235260515703 -0.1859707851798986 2.582886733709282 3.376350585592041 2.807194434295635
1 0.1205039467749925 -0.3057238130393041 -0.2512033050228364 -1.243476201382826 -2.138253152479972 -0.9615246756164474
1 -0.4910741920639761 0.1007742941573053 0.003790719950252202 2.52003791262774 -0.4414574520916274 -3.102873315281153
1 -0.4887632990865793 0.2511039914115644 -0.180166921379924 1.141800038832949 -2.426268308486278 0.6229975246860675
1 0.1287734067464816 0.1719796791501168 0.5908858559098082 -1.168946199328228 -0.4449537472144834 -1.871080754458051
10
0.3000998779727186
1 0.1891708798926515 -0.05446919185702855 0.03809417999459715 -1.11364074966492 0.005246579427505491 5.492666930300503
1 0.203726260478586 -0.06227133308195971 0.05032989294802089 -1.44062903581828 0.3737776980856219 -4.099030728976946
1 -0.4954337169611359 0.1863092769126923 0.1337226761156879 1.358544501259199 0.05684618381934075 2.308127818258542
1 -0.7673755324987812 0.1184631683775767 -0.3723048380477894 -3.390210467879613 1.535884120027783 0.8681059545012576
1 -0.4079792808357419 0.1536380161854219 0.4053994470867041 0.7847670602830117 -0.2661741429760779 -2.855584955471376
1 0.1367180702691725 -0.1291759143334652 -0.1567251931379705 2.615501132008044 3.282505340068053 3.01896132142183
1 0.1078510137830126 -0.3252331282428617 -0.2595966924959565 -1.255107934893091 -1.757701587123142 -0.7150702413017244
1 -0.4656345726361308 0.09816318468580083 -0.02646437903316475 2.518955245233965 -0.09784610834766441 -2.925859561410561
1 -0.4772200414567108 0.2254873975600853 -0.1725521385770866 1.148210047266326 -2.652846866605645 0.8964996021254713
1 0.1166803283508312 0.1673133688559242 0.5714042775524051 -1.226389797794678 -0.4796912163757988 -1.988816139447077
10
0.3101350442972376
1 0.1775680241803163 -0.05380179597019129 0.03658723866418519 -3.070629290501978 0.9206065723441149 2.660953660871174
1 0.1882241381194124 -0.05981526745632164 0.06349135814525042 0.2276627251892878 -0.6772645671582678 -1.769817373007438
1 -0.4810468387203254 0.1861331138751285 0.15575859672595 1.510856095355248 -0.08427205310428632 2.107191495560036
1 -0.8006520319490805 0.1339191949109363 -0.3629753231239438 -3.242219200659028 1.542254952862569 0.9881001173836755
1 -0.4000035923561122 0.1509315039199714 0.375493095395051 0.8020619988800405 -0.2715068267992465 -3.114110986588735
1 0.1629720861828856 -0.09609160321143712 -0.1244561553519725 2.60928960316102 3.325757801093177 3.458106609432239
1 0.09527278830646567 -0.341548841916289 -0.2658168168531509 -1.252145376476074 -1.507063833784963 -0.5316326311508996
1 -0.4404031092735106 0.09870016469195775 -0.05578099499649872 2.502226817604106 0.2156312980887937 -2.950403612557534
1 -0.4655045500222517 0.1974854312590032 -0.1618069622458473 1.198850590585592 -2.946652129535019 1.268606862337042
1 0.1040764939179536 0.1623129449594277 0.5508131960464241 -1.285953963138253 -0.5174912140068988 -2.116994142279647
10
0.3201548066321409
1 0.1668296110945202 -0.05487862207995616 0.03669573206993606 -3.636954751494666 1.154096786347935 0.1308043040963351
1 0.1693745119258277 -0.05684251193914767 0.06862304087027361 0.6070069385378207 -1.003058008384964 -0.04754413255295999
1 -0.4650438903593299 0.1846799081301904 0.1764465331776029 1.691424531785784 -0.2070710510167263 2.047032287988189
1 -0.8324180677807989 0.1493545419612584 -0.3525518884493615 -3.099698777830847 1.537126532520247 1.089539719854314
1 -0.3919856925534128 0.148249282623932 0.3426977890443844 0.7909061916321045 -0.2593406235268824 -3.449178837615682
1 0.1886803957417961 -0.06240437841667213 -0.08627511396373599 2.486747311564891 3.390252840803619 4.239245780670673
1 0.08271736084730416 -0.3556428508715411 -0.270364781168846 -1.255284038969036 -1.312354248717246 -0.3799548044424218
1 -0.4158843586797722 0.1031036895115485 -0.08652616227387995 2.338162760422523 0.7280734020218345 -3.254198542242689
1 -0.4526494304405559 0.1656821566428168 -0.1463444881599773 1.425657798351792 -3.468817805337532 1.88234008969732
1 0.09088296859017372 0.1569236294997568 0.5289065712590502 -1.347967964000403 -0.5589078247103118 -2.258085865453161
10
0.3300563994348671
1 0.1566429267650276 -0.05626263745778209 0.036531876254936 -3.300408106989312 1.198572517730017 -2.870767706944027
1 0.1502219509591779 -0.05358247284030505 0.06384887568611385 0.5231233161998177 -0.8897294045647884 1.725226314434509
1 -0.4470871277288077 0.1818910056107441 0.1971502516634188 1.961583002511625 -0.3713621292169491 2.176916316919329
1 -0.8624475518759954 0.1645162332392947 -0.341335442485662 -2.967502608672808 1.524347218426057 1.173523590161282
1 -0.3845134683297035 0.1459283477810194 0.3063237235064316 0.6937370123821309 -0.1939410145579497 -3.936165440852712
1 0.2110618220930822 -0.02919470471191837 -0.03857283951047327 1.912085644411198 3.241465570942598 5.463884751449727
1 0.07024054219816001 -0.3678008200588923 -0.2734596140771578 -1.266047986310591 -1.146393012122624 -0.2472687075482791
1 -0.398666333563544 0.1163742373885887 -0.1228561026894688 0.1174767837547181 2.267745791211292 -4.121099739989056
1 -0.4321722781371918 0.1251847622395393 -0.1221194974468182 3.737499851547275 -5.026988739186673 3.048468630910426
1 0.07722292600554607 0.1511708938718971 0.5057960015041252 -1.411546908834084 -0.603716798661005 -2.412718008541284
10
0.3400320236179135
1 0.1477944515369082 -0.0546108230996042 0.03606336188301205 -0.686405541746456 0.6348242175865346 -6.941986210707894
1 0.1366150363895281 -0.04862787958001764 0.04696548210026077 -0.9102456356671981 0.4989641451013423 4.771633995481798
1 -0.4247552153997806 0.1764453823556069 0.2211802558320952 2.678188665042682 -0.8344494531377314 2.77164515898813
1 -0.8914265465884704 0.1796389705416555 -0.3292670093735788 -2.843881859434717 1.507128482619393 1.243974524773491
1 -0.3794409998735013 0.1452256041332297 0.2630217182796639 0.16368114906882 0.1659397654221536 -4.874009572372114
1 0.223181008773612 -0.0002410250349096405 0.02190805920059139 0.3848544188238064 2.448254253921133 6.501524375942561
1 0.05752986491742414 -0.3784579699790609 -0.2753030169931632 -1.283213725623 -0.9914833903557337 -0.1235428764241281
1 -0.421848263378005 0.1228755943337742 -0.1369184319282357 -1.932499130291913 -1.036131578835664 0.4706967682233055
1 -0.3699621745353102 0.09107067837940533 -0.1172185691149592 5.906401942237706 -1.740116977336339 -1.23289561162598
1 0.06281624654334775 0.1449063130121063 0.4808753825197579 -1.476880282409757 -0.6529294649851169 -2.58704055227925
10
0.3500044792851157
1 0.1325852188548545 -0.04064593583277055 0.03147036147786039 4.249487739415176 -1.551794588369097 5.184248172733949
1 0.1423102174019517 -0.04585405705294178 0.03031821211328082 -4.684144160206253 3.724540107831389 -7.090827157180821
1 -0.3793222682823917 0.1523199911550801 0.2432236521096098 5.974842047420227 -4.101197531506581 -1.823581553435252
1 -0.9192038486924443 0.1945728425870796 -0.316555558372056 -2.728155410404842 1.487562765990047 1.303832195702287
1 -0.3955281916990174 0.1621411281037759 0.2183441242194502 -2.927850253369591 3.321982337829807 -0.6128848697476188
1 0.2187430999700729 0.01896561913660776 0.08646883902171398 -1.158442530435799 1.456436022052858 6.26604744876142
1 0.04462882179724906 -0.387590864322933 -0.2759456940444431 -1.304678440038717 -0.8403286868685566 -0.006339611047918593
1 -0.4340501038243866 0.1092877774969693 -0.1299539228478965 -0.7209035764187113 -1.537001359954658 0.8235887336730245
1 -0.3174278007578928 0.07689774617242355 -0.1301723383991192 4.840234849712963 -1.253330532509651 -1.258548764000256
1 0.04776826361775692 0.1381305976188942 0.4541095571270432 -1.540390265674483 -0.7068685344955852 -2.785534595458894
10
0.3600993846471081
1 0.12949988437799 -0.02663941947955326 0.01349508433362093 -0.7817736342249958 1.630140516508131 3.097665305770119
1 0.143486082977345 -0.03454492948708621 0.03292834685127424 0.7242870139677098 1.143315465396324 -4.23647346559381
1 -0.3337968312098489 0.1216966874323511 0.2130609073273111 3.79569753068297 -2.451898399283241 -3.248676266969416
1 -0.9461839380838505 0.2094827823672563 -0.3031227367139204 -2.618342210717477 1.466198265242612 1.356230421906365
1 -0.4091414359375748 0.1842845868235776 0.2222321526712209 -0.5158273706923256 1.54964045959797 0.4813307440669983
1 0.2024187913571948 0.03058642512456683 0.1460658710468788 -1.972324646309912 0.917779831365743 5.546394178244714
1 0.03133775213540196 -0.3953016277301781 -0.2754350179984908 -1.328874455844011 -0.6870863609735514 0.1066184672842651
1 -0.4382503316797536 0.09313998330125721 -0.1209113743806834 -0.1611166801902947 -1.640123587964794 0.9633513676600139
1 -0.2707860372676856 0.06483435204154046 -0.1418400769393901 4.455728204864842 -1.157901082597105 -1.044823595992752
1 0.03191947171653307 0.1306860046684531 0.4248340762076214 -1.597453751536539 -0.7700651072921174 -3.021617156376585
10
0.3700772056093253
1 0.1320145904714296 -0.01333585351780953 0.004076946158547278 -1.897695436210042 2.388510607740123 1.132068266809264
1 0.1401422951979658 -0.01860103763634187 0.03427441353480445 1.742012968723124 0.6698285639445675 -1.640726575699659
1 -0.2980345369640983 0.09932693009987957 0.1803894373129209 3.454383086398737 -2.095103708429003 -3.299215483536611
1 -0.9717967391370551 0.224003145283778 -0.289360797014529 -2.516705796434703 1.44423420093225 1.401238814110084
1 -0.4109148996273117 0.1970127119006641 0.2256984495677847 0.0836096826056637 1.063587582153868 0.2140840242862693
1 0.1805342967611386 0.03854726809724142 0.1984543456376558 -2.383297917907586 0.7122117647477659 4.988637676294244
1 0.01795238669656039 -0.4013931665811503 -0.2738335824709022 -1.354355693870887 -0.5333866242282169 0.2137213043845764
1 -0.4379181172357466 0.07661639597241847 -0.1106319775540539 0.2113060940604899 -1.664918323134972 1.098947627658696
1 -0.2272580828663424 0.05342089890336765 -0.1510785647226937 4.291953821729567 -1.136052932780927 -0.8033648065170496
1 0.01578221508921082 0.1226275525401374 0.3933185619559073 -1.631210809094389 -0.8489111309454933 -3.305390847789912
10
0.3801060942224708
1 0.1346826805854519 0.0003785807806063933 0.001928989052723896 -2.309997301583758 2.664684180501265 -0.6332307363349791
1 0.1344708225534741 -0.0007947834054985715 0.03378251261850718 1.84155715802647 0.5485141614610342 0.592357030263424
1 -0.2637877118425356 0.07911664356333323 0.1469587840811959 3.402466694921609 -1.953772412589362 -3.372205412773134
1 -0.9965510365966377 0.2383748546008272 -0.2751056788877436 -2.420906220363811 1.421803145236419 1.440676940118694
1 -0.4082415457897847 0.2061991452583416 0.2266315188198182 0.4285290646765332 0.7859297317778871 -0.02097501410366314
1 0.1550027880703153 0.04535003017316723 0.2465011484927737 -2.711217121958107 0.6647956842030762 4.619871184648471
1 0.004236877795702864 -0.4059512722284329 -0.2711638941950092 -1.380926320247226 -0.3747305215738344 0.3183073284274978
1 -0.4342038452683105 0.05992894308111268 -0.09887360708659995 0.5241299508246834 -1.659295170611608 1.248110701292705
1 -0.1845881925295925 0.04202826035878523 -0.157814735170338 4.229851856854561 -1.138206045857683 -0.5348404685331464
1 -0.0005174285923319293 0.1135944428799425 0.3584621946801124 -1.603487761150984 -0.9597227525472349 -3.658071553005965
10
0.3900829347177406
1 0.1354735280839653 0.01443821487645397 0.006501292800711622 -2.10094279107169 2.593101028729999 -2.936327131603206
1 0.1268853087100336 0.01770142073492112 0.03063391080404596 1.187047584167453 0.7116331682218091 3.246389908737126
1 -0.2295730982890924 0.06000709784635549 0.1128783473092632 3.47170333637741 -1.883654518607681 -3.460115961200442
1 -1.020252721717566 0.2524485692187964 -0.2605574643186765 -2.331340442860506 1.39949959825394 1.474958058314719
1 -0.4026148222513408 0.2129637307439527 0.225408880466881 0.6917236950290296 0.5765517574374251 -0.2192730810825063
1 0.1259923805940018 0.05219356732880278 0.2912487995005416 -3.133608765288983 0.7234823458215638 4.35494746729776
1 -0.009672984862560298 -0.4088771176359283 -0.267475481453916 -1.407401794378575 -0.210554397130876 0.4210394417686382
1 -0.4274922661696744 0.04347997328642386 -0.08563697476838839 0.8214374483315143 -1.635593591335657 1.406411138851454
1 -0.1424399333110049 0.03062753280036097 -0.1616637380404824 4.226698251519534 -1.147360627244749 -0.2286709696046112
1 -0.01580198240101129 0.1032418558620452 0.3199696601054593 -1.425316521825212 -1.127104764145817 -4.059358871479028
10
0.4000242643936296
1 0.130146686103866 0.03026678173636813 0.01988557787699159 2.34185892569986 0.4635841779080011 -7.086372783415348
1 0.1203973641534139 0.03499182973468095 0.02173399353874069 -3.827775813123761 2.886247242229716 7.666276584807726
1 -0.194373204882822 0.04152584472629606 0.07807837287095024 3.622884530407199 -1.835222337046773 -3.537203763004735
1 -1.043007242487483 0.2662519928285401 -0.2457424599523281 -2.247232416080562 1.377537025595785 1.504872588638819
1 -0.3945702027543335 0.2177689884057243 0.2223492665585311 0.9237784730888953 0.3923401453272648 -0.3931080298115311
1 0.09200092748211448 0.05996785387879776 0.3328355576164059 -3.716919671501997 0.8402333578116957 3.966727149301787
1 -0.02379047810287421 -0.4101222488522178 -0.2627794721391013 -1.432376642039024 -0.0383112343912514 0.5239777426186207
1 -0.4178204083812037 0.02739584065551209 -0.07086361898729943 1.127044608127696 -1.598052805012589 1.564809851878533
1 -0.1002871031333234 0.01919500747959866 -0.1621832433835398 4.257411510508062 -1.150363446794805 0.136658945671927
1 -0.02819292961160406 0.09098295446888345 0.2779932584060871 -1.048673505086388 -1.337992125627079 -4.346638286685891
10
0.4100086508211279
1 0.109038620787203 0.05296196676123185 0.02036094603047338 0.1216204124913565 0.8312704078359586 5.757783791361644
1 0.123159403820654 0.04571453051067885 0.02812541398601314 -2.341107090769831 2.497990061847315 -4.973763213845137
1 -0.1570918526546101 0.0234763532675656 0.04250990533109035 3.861820339433385 -1.77564057294843 -3.580188480778577
1 -1.065042362125991 0.2798974668527633 -0.2305828702231253 -2.167422280914925 1.355907022233477 1.531208512217153
1 -0.3842319753122279 0.2207931646780297 0.2176205230041847 1.146314554744241 0.2134804376564745 -0.5520037384808039
1 0.05243561373179288 0.06868260817618942 0.3694760701695841 -4.156344664924743 0.8880727085743592 3.361515179159141
1 -0.03820336895730778 -0.409596327846227 -0.2570218715854592 -1.453910553279053 0.1456702224095224 0.6299423053123406
1 -0.4049609125714012 0.01168191926565455 -0.054489892385696 1.451900870178992 -1.547485691138684 1.712044140677437
1 -0.05757488528647573 0.007785143428140859 -0.1586169976966752 4.297297865281958 -1.128851196176848 0.5970677675077214
1 -0.0370248730458854 0.07682801996815632 0.233926005775047 -0.7601694522414039 -1.480413400293179 -4.483606263131015
10
0.4200323945529478
1 0.09637215342178905 0.06933615867021438 0.01620323623394003 -2.870368592750178 2.091716597058423 3.177179937930855
1 0.1090283874953451 0.06209172369679664 0.0408552871320851 -0.2978192413054692 1.081237002458093 -2.266948674477654
1 -0.1166686978237757 0.00617381163986664 0.006642255813178534 4.229774583529863 -1.662898840220069 -3.564028376530394
1 -1.086384358391361 0.2933820871344182 -0.2151156954706892 -2.091537214053799 1.334722707924662 1.554390837422577
1 -0.3716278351904695 0.2220195722686783 0.2113344862372378 1.368958468211385 0.02994091435550186 -0.7006935789885376
1 0.009727160063993327 0.07751153988048312 0.4003323929976755 -4.335102742673603 0.8686466337412446 2.818095427132459
1 -0.05285996380175263 -0.4071568110328732 -0.2501556623262869 -1.469142112370529 0.3433787318483889 0.7409719417821959
1 -0.3887070645524049 -0.00351843306884051 -0.03667664269215867 1.793066796026382 -1.482869398472553 1.838138887339523
1 -0.01443245773100212 -0.003210331281023767 -0.1497443092488198 4.298059306888721 -1.051922052440416 1.202282869642675
1 -0.04394391510461172 0.06159552715446327 0.1876318837292739 -0.6258892515027898 -1.551952296253305 -4.799389271253804
10
0.4300829958099041
1 0.08105201428162821 0.08278501008576353 0.01727809829572611 -4.146517686664917 2.271240958512691 1.154358312709592
1 0.0866390021888937 0.07860735889984732 0.04905850681800489 -0.2366642120809488 0.4491324793880911 -0.2466400069424388
1 -0.07152245307696727 -0.00946535051072424 -0.02869316853098599 4.789939226037645 -1.418591535104051 -3.445612597943627
1 -1.107039372987711 0.3066925262147009 -0.1993884465533825 -2.019270158139456 1.314060165132971 1.574776904763174
1 -0.3567280344668547 0.2213538148835037 0.2035770375245355 1.597146398648365 -0.1645721710293824 -0.841795676725142
1 -0.03423198153583418 0.08609309798912851 0.4264549848951341 -4.402380082788422 0.8395699125441467 2.396622494591405
1 -0.06766341524174478 -0.4026496015337582 -0.2421224654859594 -1.474740030157356 0.5560024614031941 0.8587612026585061
1 -0.3689264586883547 -0.01802541485221844 -0.01766455856719315 2.144568431608883 -1.400514309710191 1.941638162187266
1 0.02817729565998614 -0.01299805555893532 -0.1337749075021693 4.137179156079724 -0.8746424465414857 2.015117686577064
1 -0.04925318774729202 0.04583145944487529 0.1365821515117248 -0.3892610425435367 -1.571685514596014 -5.407226481875912
10
0.4401347708820103
1 0.05971117537855188 0.09219250512786817 0.02189810778707382 -4.934001868007007 1.873995079345819 -0.9636948916219561
1 0.0567962821910304 0.09199209052341674 0.05262580042405763 -0.8963928751601209 -0.1843862088224416 1.630986974661814
1 -0.01955694542181729 -0.02153405790343201 -0.06208404087049222 5.603072647481858 -0.9396986302936063 -3.169561999017068
1 -1.126987791174687 0.3197997349451969 -0.1834673196101809 -1.950397068334673 1.29397320359411 1.592655393954829
1 -0.3394939453810389 0.218662580416001 0.1944330300298574 1.833492543052746 -0.3735255381482573 -0.9766146561946291
1 -0.07864743635211052 0.09441018029534101 0.4487602868887727 -4.431167708654628 0.8164779520295298 2.050290524823658
1 -0.08246192474313832 -0.3959293997357832 -0.2328676825551404 -1.467255352617111 0.783594731150998 0.9838566602376247
1 -0.3455525793424192 -0.03158880310371373 0.002289572909083745 2.509323460465863 -1.293230960767236 2.025248345958085
1 0.0671281612050104 -0.02034395638282787 -0.1083893084053193 3.477989654570828 -0.5659737259265457 3.075504221184704
1 -0.05043158797363386 0.03056397088011574 0.07810878580772111 0.255336567202229 -1.411225902162401 -6.248670573987171
10
0.4500294561407907
1 0.03115554991630409 0.0943998572971667 0.02924517669409944 -4.735241843674212 0.6904015086813579 -4.142152661303218
1 0.02058173331235091 0.09812937132237912 0.04886088076462393 -2.47503255604559 -0.8294964787657525 4.073445953263044
1 0.04273500056540836 -0.02758376075138304 -0.09085224815410174 7.301019215827727 -0.2554643500154766 -2.415535921957118
1 -1.145963253481273 0.3325075799107031 -0.1676304809245451 -1.885547442798829 1.274730631778533 1.608088576531049
1 -0.320159675555342 0.213882721609302 0.1841346104159294 2.076657540453834 -0.5955800629917324 -1.104360992827205
1 -0.1225579839290569 0.1024005382634096 0.467524842514091 -4.442064487835878 0.7991890374879402 1.746697730662598
1 -0.09688014416803481 -0.3870097205448287 -0.2224977056041729 -1.444372525940936 1.02145262993644 1.113013434657344
1 -0.318850898203119 -0.04372379313662023 0.02263023520875158 2.892248168756602 -1.152888078073175 2.080072586469544
1 0.09246473957222581 -0.02413043957711946 -0.07292454902214517 1.164900923628244 -0.2133497602314182 3.860007236875295
1 -0.04202165964371593 0.01935249066917305 0.012816470512902 1.547433007629027 -0.7389950778067511 -6.819275942371442
10
0.4600098869947375
1 -0.01005913411346682 0.08922747054572795 0.0376513787539654 5.729737381842609 -4.619446298806816 -5.914119257292798
1 -0.01375169554956233 0.09103299830367217 0.03273673029808886 -13.43423920153789 2.389033443335209 4.357206619370532
1 0.1236961659462538 -0.02624985139589222 -0.09437829001410175 7.714771353292962 0.438135066762739 1.853442742249105
1 -1.164466510253884 0.3451350680917731 -0.1515114359822491 -1.822774441054799 1.25578759724111 1.621744258746887
1 -0.2981437483693159 0.2067333519121103 0.1724769266008107 2.338738165258697 -0.8418329134095373 -1.232636440707565
1 -0.1668836482342641 0.1102947426191198 0.4835067783819218 -4.437680725711663 0.7823495562181675 1.458121417969537
1 -0.1111134696568202 -0.3755701158683279 -0.2107240808113827 -1.405465389214342 1.272577229435635 1.2467958962016
1 -0.2879652475185071 -0.05433365730922953 0.04348277973905661 3.300157821016613 -0.9638315684328178 2.09010772234416
1 0.08872534522363613 -0.02497147466288786 -0.048663582713481 -0.8445485171149717 0.1138784786855566 0.7287269361101364
1 -0.019534649088322 0.01692631282611618 -0.05326997184719726 2.861303553222761 0.1733494089707204 -6.2093898949917
10
0.4700000400763091
1 -0.05669411145351382 0.07869566302794286 0.01639469829806856 -3.678441978571767 -1.99976056442979 3.067200506262762
1 -0.04225732291841239 0.07235577675091802 0.03164217243715987 -3.598192135506057 -1.474056140370911 -5.850542300036037
1 0.1894682061582197 -0.02055858458220744 -0.06867977621189549 5.669253382953368 0.6650798072352267 2.898726533328528
1 -1.182372317427759 0.3575873156602467 -0.135248740109543 -1.762284675475277 1.237158916702166 1.633736899421042
1 -0.2733645955594958 0.1969397660719729 0.159466607522951 2.626547990192043 -1.127126510754865 -1.376772576364885
1 -0.2111182592157015 0.1180081004010928 0.496682843679589 -4.414455170445875 0.760691352792333 1.182122280873887
1 -0.1249055987020292 -0.3615566170100241 -0.1975874206830819 -1.353726340780885 1.535077818443785 1.383666477196582
1 -0.2528530555862239 -0.06272920540413904 0.0641811710681344 3.735979776656628 -0.7009435073379338 2.04136212659076
1 0.0814734010474715 -0.02035619170872022 -0.04672016577261545 -0.814189818842475 0.823145403191178 -0.1103940793361574
1 0.01312706204319154 0.01983882185509868 -0.1088241578233367 3.589508969820275 0.2807334245287783 -4.869105867936583
10
0.4800310201214824
1 -0.08979213114958096 0.05901739995337398 -0.005859113263536272 -4.90813922050182 -1.647499464542578 0.3820908003366155
1 -0.07967719678155359 0.05345211525452243 0.02299208895391464 -1.900053984264426 -2.52509871825815 -3.648479816255645
1 0.2404370044271223 -0.01332863137761466 -0.03922083996000469 4.597056972993316 0.7637089820212049 2.92842533596645
1 -1.199754043863678 0.3699042400396155 -0.1188066929544816 -1.703659835992871 1.218637232833697 1.644280034649799
1 -0.24544318462017 0.1839296684237418 0.1447484545315847 2.945129444905584 -1.481131504054338 -1.568492122742306
1 -0.2551917317588898 0.1254975974713956 0.507224741771748 -4.369348344859818 0.7312256312109328 0.9235172087874934
1 -0.1381741279963249 -0.344771851651259 -0.1830010579860455 -1.289706306884059 1.814701144454766 1.52556538446404
1 -0.2129506876528966 -0.06789877175867134 0.08396516715574806 4.229932836430574 -0.2996070151289458 1.873079480725278
1 0.07046691828393756 -0.00887413526574869 -0.05039098591707387 -1.384532103621384 1.418986988057893 -0.6358333189538244
1 0.05058258949778191 0.02129721397282489 -0.1503445299264241 3.783320541794876 0.006076723405484395 -3.424152986978005
10
0.4900602280322996
1 -0.1192413363274499 0.0354758194175158 -0.02444510410347062 -5.087478480240454 -1.643848248772058 -1.433668928513171
1 -0.1166871567457278 0.03237917556372628 0.00910380919693215 -1.356526922967256 -3.064774992739522 -1.665617894316525
1 0.2830624181449403 -0.005418523063302453 -0.01032331627539798 3.948375054560926 0.8074219341989292 2.827893347879109
1 -1.216554508938206 0.3820336092101715 -0.1022686536621486 -1.646948926213804 1.200170811746072 1.653485540573416
1 -0.2142221937447246 0.1668636991823466 0.1277033962993097 3.281943986187148 -1.945173523213044 -1.848345402802586
1 -0.298702766421435 0.1326527853835807 0.5152992908895618 -4.304770323996554 0.6946832465805622 0.6916797244809851
1 -0.1507333383798657 -0.3250740364190013 -0.1669571783297301 -1.212484005062527 2.118389649372485 1.675546615320769
1 -0.1679752135563272 -0.06798208583887429 0.1007578165293137 4.720550313465618 0.3238265187058655 1.407423925410185
1 0.05409045060557663 0.006982199001888646 -0.05914877975436748 -1.860862037134305 1.686927381043146 -1.071606750466626
1 0.08746705374896775 0.0203122026241281 -0.1784140483845741 3.518201341401181 -0.1776227769224742 -2.236790177565661
10
0.5001746587617796
1 -0.146890126197259 0.009142607833504957 -0.03690968948214671 -4.691069195362696 -1.70584888364139 -2.910123472715214
1 -0.1515647959822128 0.009155165434594293 -0.006352130060179042 -1.149518615399264 -3.318073248275222 0.5534815925850245
1 0.3205703499162383 0.00284499314662995 0.01770232542221806 3.490856761905925 0.8232212757273145 2.714628071513067
1 -1.232930581304804 0.3940782615438434 -0.08550277357865424 -1.591485306150329 1.181487771329841 1.661565979552874
1 -0.1793956247466472 0.1441746042158328 0.1070886542877532 3.593897095878293 -2.571948477241096 -2.249008006346869
1 -0.3418582982150276 0.1394749076828615 0.5212468566954894 -4.227414771466877 0.6539975469624293 0.489802737298052
1 -0.1625416326408596 -0.3019403079057886 -0.149193537230943 -1.11990685522151 2.464652919019358 1.83955732382238
1 -0.1189217103353011 -0.06094983750878916 0.1108407932934215 4.891863594547329 1.051299835103864 0.540697203101128
1 0.03317528141078219 0.02412697258768946 -0.0709746924808351 -2.274230603124626 1.663893146257039 -1.214926802326789
1 0.1208605464808392 0.01811747803180096 -0.196638574460696 3.077007894393732 -0.2426818852421758 -1.425674626483763
